Mar 30, 2023 12:39:16 PM org.apache.coyote.AbstractProtocol init
INFO: Initializing ProtocolHandler ["http-nio-auto-1"]
Mar 30, 2023 12:39:16 PM org.apache.tomcat.util.net.NioSelectorPool getSharedSelector
INFO: Using a shared selector for servlet write/read
Mar 30, 2023 12:39:16 PM org.apache.catalina.core.StandardService startInternal
INFO: Starting service [Tomcat]
Mar 30, 2023 12:39:16 PM org.apache.catalina.core.StandardEngine startInternal
INFO: Starting Servlet engine: [Apache Tomcat/8.5.69]
Mar 30, 2023 12:39:16 PM org.apache.coyote.AbstractProtocol start
INFO: Starting ProtocolHandler ["http-nio-auto-1-36181"]
Mar 30, 2023 12:39:16 PM exercise.servlet.SessionServlet login
INFO: Пользователь с почтойlavern.keeling@gmail.comне залогинен!
Mar 30, 2023 12:39:17 PM exercise.servlet.SessionServlet login
INFO: Пользователь с почтойshoshana.haley@hotmail.comне залогинен!
Mar 30, 2023 12:39:17 PM exercise.servlet.SessionServlet login
INFO: Пользователь с почтойsuzann.barrows@hotmail.comуспешно залогинен!
Mar 30, 2023 12:39:17 PM exercise.servlet.SessionServlet login
INFO: Пользователь с почтойlavern.keeling@gmail.comуспешно залогинен!
Mar 30, 2023 12:39:17 PM exercise.servlet.SessionServlet login
INFO: Пользователь с почтойlavern.keeling@gmail.comне залогинен!
Mar 30, 2023 12:39:17 PM exercise.servlet.SessionServlet login
INFO: Пользователь с почтойlavern.keeling@gmail.comне залогинен!
Mar 30, 2023 12:39:17 PM org.apache.coyote.AbstractProtocol pause
INFO: Pausing ProtocolHandler ["http-nio-auto-1-36181"]
Mar 30, 2023 12:39:17 PM org.apache.catalina.core.StandardService stopInternal
INFO: Stopping service [Tomcat]
Mar 30, 2023 12:39:17 PM org.apache.catalina.loader.WebappClassLoaderBase clearReferencesObjectStreamClassCaches
WARNING: When running on Java 9 or later you need to add "--add-opens=java.base/java.io=null" to the JVM command line arguments to enable ObjectStream cache memory leak protection. Alternatively, you can suppress this warning by disabling ObjectStream class cache memory leak protection.
Mar 30, 2023 12:39:17 PM org.apache.catalina.loader.WebappClassLoaderBase clearReferencesRmiTargets
WARNING: When running on Java 9 or later you need to add "--add-opens=java.rmi/sun.rmi.transport=null" to the JVM command line arguments to enable RMI Target memory leak detection. Alternatively, you can suppress this warning by disabling RMI Target memory leak detection.
Mar 30, 2023 12:39:17 PM org.apache.coyote.AbstractProtocol stop
INFO: Stopping ProtocolHandler ["http-nio-auto-1-36181"]
